<?xml version="1.0" encoding="UTF-8"?>
<!-- Generated by org.testng.reporters.JUnitReportReporter -->
<testsuite skipped="0" hostname="EBIXDTSHUBHAMP" name="tests.Example4" tests="1" failures="0" timestamp="2019-11-01T17:31:54 IST" time="279.003" errors="0">
  <testcase name="exp4" time="279.003" classname="tests.Example4"/>
</testsuite> <!-- tests.Example4 -->
