<?xml version="1.0" encoding="UTF-8"?>
<!-- Generated by org.testng.reporters.JUnitReportReporter -->
<testsuite skipped="0" hostname="EBIXDTSHUBHAMP" name="tests.Example3" tests="1" failures="0" timestamp="2019-11-01T16:02:22 IST" time="120.185" errors="0">
  <testcase name="exp3" time="120.185" classname="tests.Example3"/>
</testsuite> <!-- tests.Example3 -->
